10/05/25 20:59:23 ******************************************************
10/05/25 20:59:23 ** condor_scheduniv_exec.13431591.0 (CONDOR_DAGMAN) STARTING UP
10/05/25 20:59:23 ** /usr/bin/condor_dagman
10/05/25 20:59:23 ** SubsystemInfo: name=DAGMAN type=DAGMAN(9) class=CLIENT(2)
10/05/25 20:59:23 ** Configuration: subsystem:DAGMAN local:<NONE> class:CLIENT
10/05/25 20:59:23 ** $CondorVersion: 23.0.26 2025-06-26 BuildID: 815768 PackageID: 23.0.26-1 $
10/05/25 20:59:23 ** $CondorPlatform: x86_64_AlmaLinux9 $
10/05/25 20:59:23 ** PID = 2588798
10/05/25 20:59:23 ** Log last touched time unavailable (No such file or directory)
10/05/25 20:59:23 ******************************************************
10/05/25 20:59:23 Using config source: /etc/condor/condor_config
10/05/25 20:59:23 Using local config sources: 
10/05/25 20:59:23    /etc/condor/config.d/00-htcondor-9.0.config
10/05/25 20:59:23    /etc/condor/config.d/10-stash-plugin.conf
10/05/25 20:59:23    /etc/condor/config.d/10_security.config
10/05/25 20:59:23    /etc/condor/config.d/12_resourcelimits.config
10/05/25 20:59:23    /etc/condor/config.d/14_network.config
10/05/25 20:59:23    /etc/condor/config.d/21_schedd.config
10/05/25 20:59:23    /etc/condor/config.d/21_submit_requirements.config
10/05/25 20:59:23    /etc/condor/config.d/31_krbrenewal.config
10/05/25 20:59:23    /etc/condor/config.d/41_job_transform.config
10/05/25 20:59:23    /etc/condor/config.d/80_banning_rules.config
10/05/25 20:59:23    /etc/condor/condor_config.local
10/05/25 20:59:23 config Macros = 268, Sorted = 268, StringBytes = 30740, TablesBytes = 9776
10/05/25 20:59:23 CLASSAD_CACHING is ENABLED
10/05/25 20:59:23 Daemon Log is logging: D_ALWAYS D_ERROR D_STATUS
10/05/25 20:59:23 DaemonCore: No command port requested.
10/05/25 20:59:23 DAGMAN_USE_STRICT setting: 1
10/05/25 20:59:23 DAGMAN_VERBOSITY setting: 3
10/05/25 20:59:23 DAGMAN_DEBUG_CACHE_SIZE setting: 5242880
10/05/25 20:59:23 DAGMAN_DEBUG_CACHE_ENABLE setting: False
10/05/25 20:59:23 DAGMAN_SUBMIT_DELAY setting: 0
10/05/25 20:59:23 DAGMAN_MAX_SUBMIT_ATTEMPTS setting: 6
10/05/25 20:59:23 DAGMAN_STARTUP_CYCLE_DETECT setting: False
10/05/25 20:59:23 DAGMAN_MAX_SUBMITS_PER_INTERVAL setting: 100
10/05/25 20:59:23 DAGMAN_AGGRESSIVE_SUBMIT setting: False
10/05/25 20:59:23 DAGMAN_USER_LOG_SCAN_INTERVAL setting: 5
10/05/25 20:59:23 DAGMAN_QUEUE_UPDATE_INTERVAL setting: 300
10/05/25 20:59:23 DAGMAN_DEFAULT_PRIORITY setting: 0
10/05/25 20:59:23 DAGMAN_SUPPRESS_NOTIFICATION setting: True
10/05/25 20:59:23 allow_events (DAGMAN_ALLOW_EVENTS) setting: 114
10/05/25 20:59:23 DAGMAN_RETRY_SUBMIT_FIRST setting: True
10/05/25 20:59:23 DAGMAN_RETRY_NODE_FIRST setting: False
10/05/25 20:59:23 DAGMAN_MAX_JOBS_IDLE setting: 1000
10/05/25 20:59:23 DAGMAN_MAX_JOBS_SUBMITTED setting: 0
10/05/25 20:59:23 DAGMAN_MAX_PRE_SCRIPTS setting: 20
10/05/25 20:59:23 DAGMAN_MAX_POST_SCRIPTS setting: 20
10/05/25 20:59:23 DAGMAN_MAX_HOLD_SCRIPTS setting: 20
10/05/25 20:59:23 DAGMAN_MUNGE_NODE_NAMES setting: True
10/05/25 20:59:23 DAGMAN_PROHIBIT_MULTI_JOBS setting: False
10/05/25 20:59:23 DAGMAN_SUBMIT_DEPTH_FIRST setting: False
10/05/25 20:59:23 DAGMAN_ALWAYS_RUN_POST setting: False
10/05/25 20:59:23 DAGMAN_CONDOR_SUBMIT_EXE setting: /usr/bin/condor_submit
10/05/25 20:59:23 DAGMAN_USE_DIRECT_SUBMIT setting: True
10/05/25 20:59:23 DAGMAN_DEFAULT_APPEND_VARS setting: False
10/05/25 20:59:23 DAGMAN_ABORT_DUPLICATES setting: True
10/05/25 20:59:23 DAGMAN_ABORT_ON_SCARY_SUBMIT setting: True
10/05/25 20:59:23 DAGMAN_PENDING_REPORT_INTERVAL setting: 600
10/05/25 20:59:23 DAGMAN_AUTO_RESCUE setting: True
10/05/25 20:59:23 DAGMAN_MAX_RESCUE_NUM setting: 100
10/05/25 20:59:23 DAGMAN_WRITE_PARTIAL_RESCUE setting: True
10/05/25 20:59:23 DAGMAN_DEFAULT_NODE_LOG setting: @(DAG_DIR)/@(DAG_FILE).nodes.log
10/05/25 20:59:23 DAGMAN_GENERATE_SUBDAG_SUBMITS setting: True
10/05/25 20:59:23 DAGMAN_MAX_JOB_HOLDS setting: 100
10/05/25 20:59:23 DAGMAN_HOLD_CLAIM_TIME setting: 20
10/05/25 20:59:23 ALL_DEBUG setting: 
10/05/25 20:59:23 DAGMAN_DEBUG setting: 
10/05/25 20:59:23 DAGMAN_SUPPRESS_JOB_LOGS setting: False
10/05/25 20:59:23 DAGMAN_REMOVE_NODE_JOBS setting: True
10/05/25 20:59:23 DAGMAN will adjust edges after parsing
10/05/25 20:59:23 argv[0] == "condor_scheduniv_exec.13431591.0"
10/05/25 20:59:23 argv[1] == "-Lockfile"
10/05/25 20:59:23 argv[2] == "all.dag.lock"
10/05/25 20:59:23 argv[3] == "-Dag"
10/05/25 20:59:23 argv[4] == "all.dag"
10/05/25 20:59:23 argv[5] == "-MaxIdle"
10/05/25 20:59:23 argv[6] == "1000"
10/05/25 20:59:23 argv[7] == "-CsdVersion"
10/05/25 20:59:23 argv[8] == "$CondorVersion: 24.0.7 2025-04-22 BuildID: 803687 PackageID: 24.0.7-1 GitSHA: 51b71b5c $"
10/05/25 20:59:23 argv[9] == "-dagman"
10/05/25 20:59:23 argv[10] == "/usr/bin/condor_dagman"
10/05/25 20:59:23 argv[11] == "-AutoRescue"
10/05/25 20:59:23 argv[12] == "1"
10/05/25 20:59:23 argv[13] == "-DoRescueFrom"
10/05/25 20:59:23 argv[14] == "0"
10/05/25 20:59:23 Workflow batch-id: <13431591.0>
10/05/25 20:59:23 Workflow batch-name: <all.dag+13431591>
10/05/25 20:59:23 Workflow accounting_group: <>
10/05/25 20:59:23 Workflow accounting_group_user: <>
10/05/25 20:59:23 Warning: failed to get attribute DAGNodeName
10/05/25 20:59:23 DAGMAN_LOG_ON_NFS_IS_ERROR setting: False
10/05/25 20:59:23 Default node log file is: </afs/cern.ch/user/u/ursovsnd/neutrino/neutrino_production_sndlhc_june_2025/nusim_automation_new_dag/./all.dag.nodes.log>
10/05/25 20:59:23 Warning: the version ($CondorVersion: 24.0.7 2025-04-22 BuildID: 803687 PackageID: 24.0.7-1 GitSHA: 51b71b5c $) of this DAG's HTCondor submit file (created by condor_submit_dag) is newer than condor_dagman version ($CondorVersion: 23.0.26 2025-06-26 BuildID: 815768 PackageID: 23.0.26-1 $)
10/05/25 20:59:23 DAG Lockfile will be written to all.dag.lock
10/05/25 20:59:23 DAG Input file is all.dag
10/05/25 20:59:23 Parsing 1 dagfiles
10/05/25 20:59:23 Parsing all.dag ...
10/05/25 20:59:23 Adjusting edges
10/05/25 20:59:23 Dag contains 3 total jobs
10/05/25 20:59:23 Bootstrapping...
10/05/25 20:59:23 Number of pre-completed nodes: 0
10/05/25 20:59:23 MultiLogFiles: truncating log file /afs/cern.ch/user/u/ursovsnd/neutrino/neutrino_production_sndlhc_june_2025/nusim_automation_new_dag/./all.dag.nodes.log
10/05/25 20:59:23 DAG status: 0 (DAG_STATUS_OK)
10/05/25 20:59:23 Of 3 nodes total:
10/05/25 20:59:23  Done     Pre   Queued    Post   Ready   Un-Ready   Failed   Futile
10/05/25 20:59:23   ===     ===      ===     ===     ===        ===      ===      ===
10/05/25 20:59:23     0       0        0       0       1          2        0        0
10/05/25 20:59:23 0 job proc(s) currently held
10/05/25 20:59:23 DAGMan Runtime Statistics: [ EventCycleTimeCount = 0.0; EventCycleTimeSum = 0.0; LogProcessCycleTimeCount = 0.0; LogProcessCycleTimeSum = 0.0; SleepCycleTimeCount = 0.0; SleepCycleTimeSum = 0.0; SubmitCycleTimeCount = 0.0; SubmitCycleTimeSum = 0.0; ]
10/05/25 20:59:23 Registering condor_event_timer...
10/05/25 20:59:24 Submitting HTCondor Node generate_input_file job(s)...
10/05/25 20:59:24 Submitting node generate_input_file from file generate_input_file.sub using direct job submission
10/05/25 20:59:24 	assigned HTCondor ID (13431592.0.0)
10/05/25 20:59:24 Just submitted 1 job this cycle...
10/05/25 20:59:24 DAG status: 0 (DAG_STATUS_OK)
10/05/25 20:59:24 Of 3 nodes total:
10/05/25 20:59:24  Done     Pre   Queued    Post   Ready   Un-Ready   Failed   Futile
10/05/25 20:59:24   ===     ===      ===     ===     ===        ===      ===      ===
10/05/25 20:59:24     0       0        1       0       0          2        0        0
10/05/25 20:59:24 0 job proc(s) currently held
10/05/25 20:59:24 DAGMan Runtime Statistics: [ EventCycleTimeCount = 0.0; EventCycleTimeSum = 0.0; LogProcessCycleTimeCount = 0.0; LogProcessCycleTimeSum = 0.0; SleepCycleTimeCount = 0.0; SleepCycleTimeSum = 0.0; SubmitCycleTimeAvg = 0.1318559646606445; SubmitCycleTimeCount = 1.0; SubmitCycleTimeMax = 0.1318559646606445; SubmitCycleTimeMin = 0.1318559646606445; SubmitCycleTimeStd = 0.1318559646606445; SubmitCycleTimeSum = 0.1318559646606445; ]
10/05/25 20:59:29 Currently monitoring 1 HTCondor log file(s)
10/05/25 20:59:29 Reassigning the id of job generate_input_file from (13431592.0.0) to (13431592.0.0)
10/05/25 20:59:29 Event: ULOG_SUBMIT for HTCondor Node generate_input_file (13431592.0.0) {10/05/25 20:59:24}
10/05/25 20:59:29 Number of idle job procs: 1
10/05/25 20:59:29 Reassigning the id of job generate_input_file from (13431592.0.0) to (13431592.1.0)
10/05/25 20:59:29 Event: ULOG_SUBMIT for HTCondor Node generate_input_file (13431592.1.0) {10/05/25 20:59:24}
10/05/25 20:59:29 Number of idle job procs: 2
10/05/25 20:59:29 Reassigning the id of job generate_input_file from (13431592.1.0) to (13431592.2.0)
10/05/25 20:59:29 Event: ULOG_SUBMIT for HTCondor Node generate_input_file (13431592.2.0) {10/05/25 20:59:24}
10/05/25 20:59:29 Number of idle job procs: 3
10/05/25 20:59:29 Reassigning the id of job generate_input_file from (13431592.2.0) to (13431592.3.0)
10/05/25 20:59:29 Event: ULOG_SUBMIT for HTCondor Node generate_input_file (13431592.3.0) {10/05/25 20:59:24}
10/05/25 20:59:29 Number of idle job procs: 4
10/05/25 20:59:29 Reassigning the id of job generate_input_file from (13431592.3.0) to (13431592.4.0)
10/05/25 20:59:29 Event: ULOG_SUBMIT for HTCondor Node generate_input_file (13431592.4.0) {10/05/25 20:59:24}
10/05/25 20:59:29 Number of idle job procs: 5
10/05/25 20:59:29 Reassigning the id of job generate_input_file from (13431592.4.0) to (13431592.5.0)
10/05/25 20:59:29 Event: ULOG_SUBMIT for HTCondor Node generate_input_file (13431592.5.0) {10/05/25 20:59:24}
10/05/25 20:59:29 Number of idle job procs: 6
10/05/25 20:59:29 Reassigning the id of job generate_input_file from (13431592.5.0) to (13431592.6.0)
10/05/25 20:59:29 Event: ULOG_SUBMIT for HTCondor Node generate_input_file (13431592.6.0) {10/05/25 20:59:24}
10/05/25 20:59:29 Number of idle job procs: 7
10/05/25 20:59:29 Reassigning the id of job generate_input_file from (13431592.6.0) to (13431592.7.0)
10/05/25 20:59:29 Event: ULOG_SUBMIT for HTCondor Node generate_input_file (13431592.7.0) {10/05/25 20:59:24}
10/05/25 20:59:29 Number of idle job procs: 8
10/05/25 20:59:29 Reassigning the id of job generate_input_file from (13431592.7.0) to (13431592.8.0)
10/05/25 20:59:29 Event: ULOG_SUBMIT for HTCondor Node generate_input_file (13431592.8.0) {10/05/25 20:59:24}
10/05/25 20:59:29 Number of idle job procs: 9
10/05/25 20:59:29 Reassigning the id of job generate_input_file from (13431592.8.0) to (13431592.9.0)
10/05/25 20:59:29 Event: ULOG_SUBMIT for HTCondor Node generate_input_file (13431592.9.0) {10/05/25 20:59:24}
10/05/25 20:59:29 Number of idle job procs: 10
10/05/25 21:00:04 Currently monitoring 1 HTCondor log file(s)
10/05/25 21:00:04 Event: ULOG_EXECUTE for HTCondor Node generate_input_file (13431592.5.0) {10/05/25 21:00:01}
10/05/25 21:00:04 Number of idle job procs: 9
10/05/25 21:00:04 Event: ULOG_EXECUTE for HTCondor Node generate_input_file (13431592.3.0) {10/05/25 21:00:02}
10/05/25 21:00:04 Number of idle job procs: 8
10/05/25 21:00:04 Event: ULOG_EXECUTE for HTCondor Node generate_input_file (13431592.1.0) {10/05/25 21:00:02}
10/05/25 21:00:04 Number of idle job procs: 7
10/05/25 21:00:04 Event: ULOG_EXECUTE for HTCondor Node generate_input_file (13431592.0.0) {10/05/25 21:00:02}
10/05/25 21:00:04 Number of idle job procs: 6
10/05/25 21:00:04 Event: ULOG_EXECUTE for HTCondor Node generate_input_file (13431592.6.0) {10/05/25 21:00:03}
10/05/25 21:00:04 Number of idle job procs: 5
10/05/25 21:00:04 Event: ULOG_EXECUTE for HTCondor Node generate_input_file (13431592.4.0) {10/05/25 21:00:03}
10/05/25 21:00:04 Number of idle job procs: 4
10/05/25 21:00:04 Event: ULOG_EXECUTE for HTCondor Node generate_input_file (13431592.7.0) {10/05/25 21:00:04}
10/05/25 21:00:04 Number of idle job procs: 3
10/05/25 21:00:09 Currently monitoring 1 HTCondor log file(s)
10/05/25 21:00:09 Event: ULOG_EXECUTE for HTCondor Node generate_input_file (13431592.2.0) {10/05/25 21:00:04}
10/05/25 21:00:09 Number of idle job procs: 2
10/05/25 21:00:09 Event: ULOG_EXECUTE for HTCondor Node generate_input_file (13431592.8.0) {10/05/25 21:00:05}
10/05/25 21:00:09 Number of idle job procs: 1
10/05/25 21:00:09 Event: ULOG_EXECUTE for HTCondor Node generate_input_file (13431592.9.0) {10/05/25 21:00:05}
10/05/25 21:00:09 Number of idle job procs: 0
10/05/25 21:00:09 Event: ULOG_JOB_TERMINATED for HTCondor Node generate_input_file (13431592.5.0) {10/05/25 21:00:09}
10/05/25 21:00:09 Number of idle job procs: 0
10/05/25 21:00:09 Node generate_input_file job proc (13431592.5.0) completed successfully.
10/05/25 21:00:14 Currently monitoring 1 HTCondor log file(s)
10/05/25 21:00:14 Event: ULOG_JOB_TERMINATED for HTCondor Node generate_input_file (13431592.0.0) {10/05/25 21:00:10}
10/05/25 21:00:14 Number of idle job procs: 0
10/05/25 21:00:14 Node generate_input_file job proc (13431592.0.0) completed successfully.
10/05/25 21:00:14 Event: ULOG_JOB_TERMINATED for HTCondor Node generate_input_file (13431592.1.0) {10/05/25 21:00:11}
10/05/25 21:00:14 Number of idle job procs: 0
10/05/25 21:00:14 Node generate_input_file job proc (13431592.1.0) completed successfully.
10/05/25 21:00:14 Event: ULOG_JOB_TERMINATED for HTCondor Node generate_input_file (13431592.3.0) {10/05/25 21:00:11}
10/05/25 21:00:14 Number of idle job procs: 0
10/05/25 21:00:14 Node generate_input_file job proc (13431592.3.0) completed successfully.
10/05/25 21:00:14 Event: ULOG_JOB_TERMINATED for HTCondor Node generate_input_file (13431592.6.0) {10/05/25 21:00:11}
10/05/25 21:00:14 Number of idle job procs: 0
10/05/25 21:00:14 Node generate_input_file job proc (13431592.6.0) completed successfully.
10/05/25 21:00:14 Event: ULOG_JOB_TERMINATED for HTCondor Node generate_input_file (13431592.4.0) {10/05/25 21:00:11}
10/05/25 21:00:14 Number of idle job procs: 0
10/05/25 21:00:14 Node generate_input_file job proc (13431592.4.0) completed successfully.
10/05/25 21:00:14 Event: ULOG_JOB_TERMINATED for HTCondor Node generate_input_file (13431592.7.0) {10/05/25 21:00:12}
10/05/25 21:00:14 Number of idle job procs: 0
10/05/25 21:00:14 Node generate_input_file job proc (13431592.7.0) completed successfully.
10/05/25 21:00:14 Event: ULOG_JOB_TERMINATED for HTCondor Node generate_input_file (13431592.2.0) {10/05/25 21:00:13}
10/05/25 21:00:14 Number of idle job procs: 0
10/05/25 21:00:14 Node generate_input_file job proc (13431592.2.0) completed successfully.
10/05/25 21:00:14 Event: ULOG_JOB_TERMINATED for HTCondor Node generate_input_file (13431592.8.0) {10/05/25 21:00:13}
10/05/25 21:00:14 Number of idle job procs: 0
10/05/25 21:00:14 Node generate_input_file job proc (13431592.8.0) completed successfully.
10/05/25 21:00:14 Event: ULOG_JOB_TERMINATED for HTCondor Node generate_input_file (13431592.9.0) {10/05/25 21:00:14}
10/05/25 21:00:14 Number of idle job procs: 0
10/05/25 21:00:14 Node generate_input_file job proc (13431592.9.0) completed successfully.
10/05/25 21:00:14 Node generate_input_file job completed
10/05/25 21:00:14 DAG status: 0 (DAG_STATUS_OK)
10/05/25 21:00:14 Of 3 nodes total:
10/05/25 21:00:14  Done     Pre   Queued    Post   Ready   Un-Ready   Failed   Futile
10/05/25 21:00:14   ===     ===      ===     ===     ===        ===      ===      ===
10/05/25 21:00:14     1       0        0       0       1          1        0        0
10/05/25 21:00:14 0 job proc(s) currently held
10/05/25 21:00:14 DAGMan Runtime Statistics: [ EventCycleTimeAvg = 0.0147028923034668; EventCycleTimeCount = 10.0; EventCycleTimeMax = 0.1453220844268799; EventCycleTimeMin = 3.004074096679688E-05; EventCycleTimeStd = 0.04589538041773392; EventCycleTimeSum = 0.147028923034668; LogProcessCycleTimeAvg = 0.0005209445953369141; LogProcessCycleTimeCount = 4.0; LogProcessCycleTimeMax = 0.0007579326629638672; LogProcessCycleTimeMin = 0.0003659725189208984; LogProcessCycleTimeStd = 0.0001739373153524745; LogProcessCycleTimeSum = 0.002083778381347656; SleepCycleTimeAvg = 5.004511904716492; SleepCycleTimeCount = 10.0; SleepCycleTimeMax = 5.005362987518311; SleepCycleTimeMin = 5.000813961029053; SleepCycleTimeStd = 0.001441262982276656; SleepCycleTimeSum = 50.04511904716492; SubmitCycleTimeAvg = 0.01200465722517534; SubmitCycleTimeCount = 11.0; SubmitCycleTimeMax = 0.1318559646606445; SubmitCycleTimeMin = 1.215934753417969E-05; SubmitCycleTimeStd = 0.03975018208625573; SubmitCycleTimeSum = 0.1320512294769287; ]
10/05/25 21:00:19 Submitting HTCondor Node transport_neutrinos job(s)...
10/05/25 21:00:19 Submitting node transport_neutrinos from file transport_neutrinos.sub using direct job submission
10/05/25 21:00:19 	assigned HTCondor ID (13431593.0.0)
10/05/25 21:00:19 Just submitted 1 job this cycle...
10/05/25 21:00:19 DAG status: 0 (DAG_STATUS_OK)
10/05/25 21:00:19 Of 3 nodes total:
10/05/25 21:00:19  Done     Pre   Queued    Post   Ready   Un-Ready   Failed   Futile
10/05/25 21:00:19   ===     ===      ===     ===     ===        ===      ===      ===
10/05/25 21:00:19     1       0        1       0       0          1        0        0
10/05/25 21:00:19 0 job proc(s) currently held
10/05/25 21:00:19 DAGMan Runtime Statistics: [ EventCycleTimeAvg = 0.01725545796481046; EventCycleTimeCount = 11.0; EventCycleTimeMax = 0.1453220844268799; EventCycleTimeMin = 3.004074096679688E-05; EventCycleTimeStd = 0.04435559553573643; EventCycleTimeSum = 0.189810037612915; LogProcessCycleTimeAvg = 0.0005209445953369141; LogProcessCycleTimeCount = 4.0; LogProcessCycleTimeMax = 0.0007579326629638672; LogProcessCycleTimeMin = 0.0003659725189208984; LogProcessCycleTimeStd = 0.0001739373153524745; LogProcessCycleTimeSum = 0.002083778381347656; SleepCycleTimeAvg = 5.004563721743497; SleepCycleTimeCount = 11.0; SleepCycleTimeMax = 5.005362987518311; SleepCycleTimeMin = 5.000813961029053; SleepCycleTimeStd = 0.001378060278182748; SleepCycleTimeSum = 55.05020093917847; SubmitCycleTimeAvg = 0.01856233676274617; SubmitCycleTimeCount = 12.0; SubmitCycleTimeMax = 0.1318559646606445; SubmitCycleTimeMin = 1.215934753417969E-05; SubmitCycleTimeStd = 0.0441867802114569; SubmitCycleTimeSum = 0.2227480411529541; ]
10/05/25 21:00:24 Currently monitoring 1 HTCondor log file(s)
10/05/25 21:00:24 Reassigning the id of job transport_neutrinos from (13431593.0.0) to (13431593.0.0)
10/05/25 21:00:24 Event: ULOG_SUBMIT for HTCondor Node transport_neutrinos (13431593.0.0) {10/05/25 21:00:19}
10/05/25 21:00:24 Number of idle job procs: 1
10/05/25 21:00:24 Reassigning the id of job transport_neutrinos from (13431593.0.0) to (13431593.1.0)
10/05/25 21:00:24 Event: ULOG_SUBMIT for HTCondor Node transport_neutrinos (13431593.1.0) {10/05/25 21:00:19}
10/05/25 21:00:24 Number of idle job procs: 2
10/05/25 21:00:24 Reassigning the id of job transport_neutrinos from (13431593.1.0) to (13431593.2.0)
10/05/25 21:00:24 Event: ULOG_SUBMIT for HTCondor Node transport_neutrinos (13431593.2.0) {10/05/25 21:00:19}
10/05/25 21:00:24 Number of idle job procs: 3
10/05/25 21:00:24 Reassigning the id of job transport_neutrinos from (13431593.2.0) to (13431593.3.0)
10/05/25 21:00:24 Event: ULOG_SUBMIT for HTCondor Node transport_neutrinos (13431593.3.0) {10/05/25 21:00:19}
10/05/25 21:00:24 Number of idle job procs: 4
10/05/25 21:00:24 Reassigning the id of job transport_neutrinos from (13431593.3.0) to (13431593.4.0)
10/05/25 21:00:24 Event: ULOG_SUBMIT for HTCondor Node transport_neutrinos (13431593.4.0) {10/05/25 21:00:19}
10/05/25 21:00:24 Number of idle job procs: 5
10/05/25 21:00:24 Reassigning the id of job transport_neutrinos from (13431593.4.0) to (13431593.5.0)
10/05/25 21:00:24 Event: ULOG_SUBMIT for HTCondor Node transport_neutrinos (13431593.5.0) {10/05/25 21:00:19}
10/05/25 21:00:24 Number of idle job procs: 6
10/05/25 21:00:24 Reassigning the id of job transport_neutrinos from (13431593.5.0) to (13431593.6.0)
10/05/25 21:00:24 Event: ULOG_SUBMIT for HTCondor Node transport_neutrinos (13431593.6.0) {10/05/25 21:00:19}
10/05/25 21:00:24 Number of idle job procs: 7
10/05/25 21:00:24 Reassigning the id of job transport_neutrinos from (13431593.6.0) to (13431593.7.0)
10/05/25 21:00:24 Event: ULOG_SUBMIT for HTCondor Node transport_neutrinos (13431593.7.0) {10/05/25 21:00:19}
10/05/25 21:00:24 Number of idle job procs: 8
10/05/25 21:00:24 Reassigning the id of job transport_neutrinos from (13431593.7.0) to (13431593.8.0)
10/05/25 21:00:24 Event: ULOG_SUBMIT for HTCondor Node transport_neutrinos (13431593.8.0) {10/05/25 21:00:19}
10/05/25 21:00:24 Number of idle job procs: 9
10/05/25 21:00:24 Reassigning the id of job transport_neutrinos from (13431593.8.0) to (13431593.9.0)
10/05/25 21:00:24 Event: ULOG_SUBMIT for HTCondor Node transport_neutrinos (13431593.9.0) {10/05/25 21:00:19}
10/05/25 21:00:24 Number of idle job procs: 10
10/05/25 21:00:24 Event: ULOG_EXECUTE for HTCondor Node transport_neutrinos (13431593.0.0) {10/05/25 21:00:20}
10/05/25 21:00:24 Number of idle job procs: 9
10/05/25 21:00:24 Event: ULOG_EXECUTE for HTCondor Node transport_neutrinos (13431593.1.0) {10/05/25 21:00:20}
10/05/25 21:00:24 Number of idle job procs: 8
10/05/25 21:00:24 Event: ULOG_EXECUTE for HTCondor Node transport_neutrinos (13431593.2.0) {10/05/25 21:00:20}
10/05/25 21:00:24 Number of idle job procs: 7
10/05/25 21:00:24 Event: ULOG_EXECUTE for HTCondor Node transport_neutrinos (13431593.4.0) {10/05/25 21:00:21}
10/05/25 21:00:24 Number of idle job procs: 6
10/05/25 21:00:24 Event: ULOG_EXECUTE for HTCondor Node transport_neutrinos (13431593.3.0) {10/05/25 21:00:21}
10/05/25 21:00:24 Number of idle job procs: 5
10/05/25 21:00:24 Event: ULOG_EXECUTE for HTCondor Node transport_neutrinos (13431593.5.0) {10/05/25 21:00:21}
10/05/25 21:00:24 Number of idle job procs: 4
10/05/25 21:00:24 Event: ULOG_EXECUTE for HTCondor Node transport_neutrinos (13431593.6.0) {10/05/25 21:00:22}
10/05/25 21:00:24 Number of idle job procs: 3
10/05/25 21:00:24 Event: ULOG_EXECUTE for HTCondor Node transport_neutrinos (13431593.7.0) {10/05/25 21:00:22}
10/05/25 21:00:24 Number of idle job procs: 2
10/05/25 21:00:24 Event: ULOG_EXECUTE for HTCondor Node transport_neutrinos (13431593.8.0) {10/05/25 21:00:22}
10/05/25 21:00:24 Number of idle job procs: 1
10/05/25 21:00:24 Event: ULOG_EXECUTE for HTCondor Node transport_neutrinos (13431593.9.0) {10/05/25 21:00:23}
10/05/25 21:00:24 Number of idle job procs: 0
10/05/25 21:00:29 Currently monitoring 1 HTCondor log file(s)
10/05/25 21:00:29 Event: ULOG_JOB_TERMINATED for HTCondor Node transport_neutrinos (13431593.3.0) {10/05/25 21:00:29}
10/05/25 21:00:29 Number of idle job procs: 0
10/05/25 21:00:29 Node transport_neutrinos job proc (13431593.3.0) completed successfully.
10/05/25 21:00:29 Event: ULOG_JOB_TERMINATED for HTCondor Node transport_neutrinos (13431593.4.0) {10/05/25 21:00:29}
10/05/25 21:00:29 Number of idle job procs: 0
10/05/25 21:00:29 Node transport_neutrinos job proc (13431593.4.0) completed successfully.
10/05/25 21:00:29 Event: ULOG_JOB_TERMINATED for HTCondor Node transport_neutrinos (13431593.0.0) {10/05/25 21:00:29}
10/05/25 21:00:29 Number of idle job procs: 0
10/05/25 21:00:29 Node transport_neutrinos job proc (13431593.0.0) completed successfully.
10/05/25 21:00:29 Event: ULOG_JOB_TERMINATED for HTCondor Node transport_neutrinos (13431593.2.0) {10/05/25 21:00:29}
10/05/25 21:00:29 Number of idle job procs: 0
10/05/25 21:00:29 Node transport_neutrinos job proc (13431593.2.0) completed successfully.
10/05/25 21:00:29 Event: ULOG_JOB_TERMINATED for HTCondor Node transport_neutrinos (13431593.1.0) {10/05/25 21:00:29}
10/05/25 21:00:29 Number of idle job procs: 0
10/05/25 21:00:29 Node transport_neutrinos job proc (13431593.1.0) completed successfully.
10/05/25 21:00:29 Event: ULOG_JOB_TERMINATED for HTCondor Node transport_neutrinos (13431593.5.0) {10/05/25 21:00:29}
10/05/25 21:00:29 Number of idle job procs: 0
10/05/25 21:00:29 Node transport_neutrinos job proc (13431593.5.0) completed successfully.
10/05/25 21:00:29 Event: ULOG_JOB_TERMINATED for HTCondor Node transport_neutrinos (13431593.6.0) {10/05/25 21:00:29}
10/05/25 21:00:29 Number of idle job procs: 0
10/05/25 21:00:29 Node transport_neutrinos job proc (13431593.6.0) completed successfully.
10/05/25 21:00:34 Currently monitoring 1 HTCondor log file(s)
10/05/25 21:00:34 Event: ULOG_JOB_TERMINATED for HTCondor Node transport_neutrinos (13431593.7.0) {10/05/25 21:00:29}
10/05/25 21:00:34 Number of idle job procs: 0
10/05/25 21:00:34 Node transport_neutrinos job proc (13431593.7.0) completed successfully.
10/05/25 21:00:34 Event: ULOG_JOB_TERMINATED for HTCondor Node transport_neutrinos (13431593.8.0) {10/05/25 21:00:30}
10/05/25 21:00:34 Number of idle job procs: 0
10/05/25 21:00:34 Node transport_neutrinos job proc (13431593.8.0) completed successfully.
10/05/25 21:00:34 Event: ULOG_JOB_TERMINATED for HTCondor Node transport_neutrinos (13431593.9.0) {10/05/25 21:00:31}
10/05/25 21:00:34 Number of idle job procs: 0
10/05/25 21:00:34 Node transport_neutrinos job proc (13431593.9.0) completed successfully.
10/05/25 21:00:34 Node transport_neutrinos job completed
10/05/25 21:00:34 DAG status: 0 (DAG_STATUS_OK)
10/05/25 21:00:34 Of 3 nodes total:
10/05/25 21:00:34  Done     Pre   Queued    Post   Ready   Un-Ready   Failed   Futile
10/05/25 21:00:34   ===     ===      ===     ===     ===        ===      ===      ===
10/05/25 21:00:34     2       0        0       0       1          0        0        0
10/05/25 21:00:34 0 job proc(s) currently held
10/05/25 21:00:34 DAGMan Runtime Statistics: [ EventCycleTimeAvg = 0.0205897263118199; EventCycleTimeCount = 14.0; EventCycleTimeMax = 0.1453220844268799; EventCycleTimeMin = 3.004074096679688E-05; EventCycleTimeStd = 0.04504749345339573; EventCycleTimeSum = 0.2882561683654785; LogProcessCycleTimeAvg = 0.0005786418914794922; LogProcessCycleTimeCount = 7.0; LogProcessCycleTimeMax = 0.0009458065032958984; LogProcessCycleTimeMin = 0.0003659725189208984; LogProcessCycleTimeStd = 0.0002155196699213788; LogProcessCycleTimeSum = 0.004050493240356445; SleepCycleTimeAvg = 5.004735350608826; SleepCycleTimeCount = 14.0; SleepCycleTimeMax = 5.005848169326782; SleepCycleTimeMin = 5.000813961029053; SleepCycleTimeStd = 0.001266574079610824; SleepCycleTimeSum = 70.06629490852356; SubmitCycleTimeAvg = 0.01485646565755208; SubmitCycleTimeCount = 15.0; SubmitCycleTimeMax = 0.1318559646606445; SubmitCycleTimeMin = 1.215934753417969E-05; SubmitCycleTimeStd = 0.03991168470230325; SubmitCycleTimeSum = 0.2228469848632812; ]
10/05/25 21:00:39 Submitting HTCondor Node digitise job(s)...
10/05/25 21:00:39 Submitting node digitise from file digitise.sub using direct job submission
10/05/25 21:00:39 	assigned HTCondor ID (13431594.0.0)
10/05/25 21:00:39 Just submitted 1 job this cycle...
10/05/25 21:00:39 DAG status: 0 (DAG_STATUS_OK)
10/05/25 21:00:39 Of 3 nodes total:
10/05/25 21:00:39  Done     Pre   Queued    Post   Ready   Un-Ready   Failed   Futile
10/05/25 21:00:39   ===     ===      ===     ===     ===        ===      ===      ===
10/05/25 21:00:39     2       0        1       0       0          0        0        0
10/05/25 21:00:39 0 job proc(s) currently held
10/05/25 21:00:39 DAGMan Runtime Statistics: [ EventCycleTimeAvg = 0.01993940671284994; EventCycleTimeCount = 15.0; EventCycleTimeMax = 0.1453220844268799; EventCycleTimeMin = 3.004074096679688E-05; EventCycleTimeStd = 0.04348185905442754; EventCycleTimeSum = 0.299091100692749; LogProcessCycleTimeAvg = 0.0005786418914794922; LogProcessCycleTimeCount = 7.0; LogProcessCycleTimeMax = 0.0009458065032958984; LogProcessCycleTimeMin = 0.0003659725189208984; LogProcessCycleTimeStd = 0.0002155196699213788; LogProcessCycleTimeSum = 0.004050493240356445; SleepCycleTimeAvg = 5.004762935638428; SleepCycleTimeCount = 15.0; SleepCycleTimeMax = 5.005848169326782; SleepCycleTimeMin = 5.000813961029053; SleepCycleTimeStd = 0.001225168351743212; SleepCycleTimeSum = 75.07144403457642; SubmitCycleTimeAvg = 0.01963131129741669; SubmitCycleTimeCount = 16.0; SubmitCycleTimeMax = 0.1318559646606445; SubmitCycleTimeMin = 1.215934753417969E-05; SubmitCycleTimeStd = 0.04302944129558513; SubmitCycleTimeSum = 0.314100980758667; ]
10/05/25 21:00:44 Currently monitoring 1 HTCondor log file(s)
10/05/25 21:00:44 Reassigning the id of job digitise from (13431594.0.0) to (13431594.0.0)
10/05/25 21:00:44 Event: ULOG_SUBMIT for HTCondor Node digitise (13431594.0.0) {10/05/25 21:00:39}
10/05/25 21:00:44 Number of idle job procs: 1
10/05/25 21:00:44 Reassigning the id of job digitise from (13431594.0.0) to (13431594.1.0)
10/05/25 21:00:44 Event: ULOG_SUBMIT for HTCondor Node digitise (13431594.1.0) {10/05/25 21:00:39}
10/05/25 21:00:44 Number of idle job procs: 2
10/05/25 21:00:44 Reassigning the id of job digitise from (13431594.1.0) to (13431594.2.0)
10/05/25 21:00:44 Event: ULOG_SUBMIT for HTCondor Node digitise (13431594.2.0) {10/05/25 21:00:39}
10/05/25 21:00:44 Number of idle job procs: 3
10/05/25 21:00:44 Reassigning the id of job digitise from (13431594.2.0) to (13431594.3.0)
10/05/25 21:00:44 Event: ULOG_SUBMIT for HTCondor Node digitise (13431594.3.0) {10/05/25 21:00:39}
10/05/25 21:00:44 Number of idle job procs: 4
10/05/25 21:00:44 Reassigning the id of job digitise from (13431594.3.0) to (13431594.4.0)
10/05/25 21:00:44 Event: ULOG_SUBMIT for HTCondor Node digitise (13431594.4.0) {10/05/25 21:00:39}
10/05/25 21:00:44 Number of idle job procs: 5
10/05/25 21:00:44 Reassigning the id of job digitise from (13431594.4.0) to (13431594.5.0)
10/05/25 21:00:44 Event: ULOG_SUBMIT for HTCondor Node digitise (13431594.5.0) {10/05/25 21:00:39}
10/05/25 21:00:44 Number of idle job procs: 6
10/05/25 21:00:44 Reassigning the id of job digitise from (13431594.5.0) to (13431594.6.0)
10/05/25 21:00:44 Event: ULOG_SUBMIT for HTCondor Node digitise (13431594.6.0) {10/05/25 21:00:39}
10/05/25 21:00:44 Number of idle job procs: 7
10/05/25 21:00:44 Reassigning the id of job digitise from (13431594.6.0) to (13431594.7.0)
10/05/25 21:00:44 Event: ULOG_SUBMIT for HTCondor Node digitise (13431594.7.0) {10/05/25 21:00:39}
10/05/25 21:00:44 Number of idle job procs: 8
10/05/25 21:00:44 Reassigning the id of job digitise from (13431594.7.0) to (13431594.8.0)
10/05/25 21:00:44 Event: ULOG_SUBMIT for HTCondor Node digitise (13431594.8.0) {10/05/25 21:00:39}
10/05/25 21:00:44 Number of idle job procs: 9
10/05/25 21:00:44 Reassigning the id of job digitise from (13431594.8.0) to (13431594.9.0)
10/05/25 21:00:44 Event: ULOG_SUBMIT for HTCondor Node digitise (13431594.9.0) {10/05/25 21:00:39}
10/05/25 21:00:44 Number of idle job procs: 10
10/05/25 21:00:44 Event: ULOG_EXECUTE for HTCondor Node digitise (13431594.0.0) {10/05/25 21:00:40}
10/05/25 21:00:44 Number of idle job procs: 9
10/05/25 21:00:44 Event: ULOG_EXECUTE for HTCondor Node digitise (13431594.1.0) {10/05/25 21:00:40}
10/05/25 21:00:44 Number of idle job procs: 8
10/05/25 21:00:44 Event: ULOG_EXECUTE for HTCondor Node digitise (13431594.4.0) {10/05/25 21:00:40}
10/05/25 21:00:44 Number of idle job procs: 7
10/05/25 21:00:44 Event: ULOG_EXECUTE for HTCondor Node digitise (13431594.3.0) {10/05/25 21:00:40}
10/05/25 21:00:44 Number of idle job procs: 6
10/05/25 21:00:44 Event: ULOG_EXECUTE for HTCondor Node digitise (13431594.2.0) {10/05/25 21:00:40}
10/05/25 21:00:44 Number of idle job procs: 5
10/05/25 21:00:44 Event: ULOG_EXECUTE for HTCondor Node digitise (13431594.6.0) {10/05/25 21:00:41}
10/05/25 21:00:44 Number of idle job procs: 4
10/05/25 21:00:44 Event: ULOG_EXECUTE for HTCondor Node digitise (13431594.5.0) {10/05/25 21:00:41}
10/05/25 21:00:44 Number of idle job procs: 3
10/05/25 21:00:44 Event: ULOG_EXECUTE for HTCondor Node digitise (13431594.7.0) {10/05/25 21:00:41}
10/05/25 21:00:44 Number of idle job procs: 2
10/05/25 21:00:44 Event: ULOG_EXECUTE for HTCondor Node digitise (13431594.9.0) {10/05/25 21:00:42}
10/05/25 21:00:44 Number of idle job procs: 1
10/05/25 21:00:44 Event: ULOG_EXECUTE for HTCondor Node digitise (13431594.8.0) {10/05/25 21:00:42}
10/05/25 21:00:44 Number of idle job procs: 0
10/05/25 21:01:04 Currently monitoring 1 HTCondor log file(s)
10/05/25 21:01:04 Event: ULOG_JOB_TERMINATED for HTCondor Node digitise (13431594.4.0) {10/05/25 21:01:00}
10/05/25 21:01:04 Number of idle job procs: 0
10/05/25 21:01:04 Node digitise job proc (13431594.4.0) completed successfully.
10/05/25 21:01:04 Event: ULOG_JOB_TERMINATED for HTCondor Node digitise (13431594.6.0) {10/05/25 21:01:01}
10/05/25 21:01:04 Number of idle job procs: 0
10/05/25 21:01:04 Node digitise job proc (13431594.6.0) completed successfully.
10/05/25 21:01:04 Event: ULOG_JOB_TERMINATED for HTCondor Node digitise (13431594.2.0) {10/05/25 21:01:02}
10/05/25 21:01:04 Number of idle job procs: 0
10/05/25 21:01:04 Node digitise job proc (13431594.2.0) completed successfully.
10/05/25 21:01:04 Event: ULOG_JOB_TERMINATED for HTCondor Node digitise (13431594.3.0) {10/05/25 21:01:03}
10/05/25 21:01:04 Number of idle job procs: 0
10/05/25 21:01:04 Node digitise job proc (13431594.3.0) completed successfully.
10/05/25 21:01:09 Currently monitoring 1 HTCondor log file(s)
10/05/25 21:01:09 Event: ULOG_JOB_TERMINATED for HTCondor Node digitise (13431594.5.0) {10/05/25 21:01:05}
10/05/25 21:01:09 Number of idle job procs: 0
10/05/25 21:01:09 Node digitise job proc (13431594.5.0) completed successfully.
10/05/25 21:01:09 Event: ULOG_JOB_TERMINATED for HTCondor Node digitise (13431594.9.0) {10/05/25 21:01:05}
10/05/25 21:01:09 Number of idle job procs: 0
10/05/25 21:01:09 Node digitise job proc (13431594.9.0) completed successfully.
10/05/25 21:01:09 Event: ULOG_JOB_TERMINATED for HTCondor Node digitise (13431594.7.0) {10/05/25 21:01:05}
10/05/25 21:01:09 Number of idle job procs: 0
10/05/25 21:01:09 Node digitise job proc (13431594.7.0) completed successfully.
10/05/25 21:01:14 Currently monitoring 1 HTCondor log file(s)
10/05/25 21:01:14 Event: ULOG_JOB_TERMINATED for HTCondor Node digitise (13431594.8.0) {10/05/25 21:01:10}
10/05/25 21:01:14 Number of idle job procs: 0
10/05/25 21:01:14 Node digitise job proc (13431594.8.0) completed successfully.
10/05/25 21:01:19 Currently monitoring 1 HTCondor log file(s)
10/05/25 21:01:19 Event: ULOG_JOB_TERMINATED for HTCondor Node digitise (13431594.0.0) {10/05/25 21:01:17}
10/05/25 21:01:19 Number of idle job procs: 0
10/05/25 21:01:19 Node digitise job proc (13431594.0.0) completed successfully.
10/05/25 21:01:19 Event: ULOG_JOB_TERMINATED for HTCondor Node digitise (13431594.1.0) {10/05/25 21:01:18}
10/05/25 21:01:19 Number of idle job procs: 0
10/05/25 21:01:19 Node digitise job proc (13431594.1.0) completed successfully.
10/05/25 21:01:19 Node digitise job completed
10/05/25 21:01:19 DAG status: 0 (DAG_STATUS_OK)
10/05/25 21:01:19 Of 3 nodes total:
10/05/25 21:01:19  Done     Pre   Queued    Post   Ready   Un-Ready   Failed   Futile
10/05/25 21:01:19   ===     ===      ===     ===     ===        ===      ===      ===
10/05/25 21:01:19     3       0        0       0       0          0        0        0
10/05/25 21:01:19 0 job proc(s) currently held
10/05/25 21:01:19 DAGMan Runtime Statistics: [ EventCycleTimeAvg = 0.01732999345530634; EventCycleTimeCount = 23.0; EventCycleTimeMax = 0.1453220844268799; EventCycleTimeMin = 3.004074096679688E-05; EventCycleTimeStd = 0.03986184050976579; EventCycleTimeSum = 0.3985898494720459; LogProcessCycleTimeAvg = 0.0005292892456054688; LogProcessCycleTimeCount = 12.0; LogProcessCycleTimeMax = 0.00096893310546875; LogProcessCycleTimeMin = 0.0002360343933105469; LogProcessCycleTimeStd = 0.0002472802246853654; LogProcessCycleTimeSum = 0.006351470947265625; SleepCycleTimeAvg = 5.004878013030343; SleepCycleTimeCount = 23.0; SleepCycleTimeMax = 5.005848169326782; SleepCycleTimeMin = 5.000813961029053; SleepCycleTimeStd = 0.0009906519605631108; SleepCycleTimeSum = 115.1121942996979; SubmitCycleTimeAvg = 0.0130952795346578; SubmitCycleTimeCount = 24.0; SubmitCycleTimeMax = 0.1318559646606445; SubmitCycleTimeMin = 1.192092895507812E-05; SubmitCycleTimeStd = 0.03600938228083029; SubmitCycleTimeSum = 0.3142867088317871; ]
10/05/25 21:01:19 All jobs Completed!
10/05/25 21:01:19 Note: 0 total job deferrals because of -MaxJobs limit (0)
10/05/25 21:01:19 Note: 0 total job deferrals because of -MaxIdle limit (1000)
10/05/25 21:01:19 Note: 0 total job deferrals because of node category throttles
10/05/25 21:01:19 Note: 0 total PRE script deferrals because of -MaxPre limit (20) or DEFER
10/05/25 21:01:19 Note: 0 total POST script deferrals because of -MaxPost limit (20) or DEFER
10/05/25 21:01:19 Note: 0 total HOLD script deferrals because of -MaxHold limit (20) or DEFER
10/05/25 21:01:19 DAG status: 0 (DAG_STATUS_OK)
10/05/25 21:01:19 Of 3 nodes total:
10/05/25 21:01:19  Done     Pre   Queued    Post   Ready   Un-Ready   Failed   Futile
10/05/25 21:01:19   ===     ===      ===     ===     ===        ===      ===      ===
10/05/25 21:01:19     3       0        0       0       0          0        0        0
10/05/25 21:01:19 0 job proc(s) currently held
10/05/25 21:01:19 DAGMan Runtime Statistics: [ EventCycleTimeAvg = 0.01732999345530634; EventCycleTimeCount = 23.0; EventCycleTimeMax = 0.1453220844268799; EventCycleTimeMin = 3.004074096679688E-05; EventCycleTimeStd = 0.03986184050976579; EventCycleTimeSum = 0.3985898494720459; LogProcessCycleTimeAvg = 0.0005292892456054688; LogProcessCycleTimeCount = 12.0; LogProcessCycleTimeMax = 0.00096893310546875; LogProcessCycleTimeMin = 0.0002360343933105469; LogProcessCycleTimeStd = 0.0002472802246853654; LogProcessCycleTimeSum = 0.006351470947265625; SleepCycleTimeAvg = 5.004878013030343; SleepCycleTimeCount = 23.0; SleepCycleTimeMax = 5.005848169326782; SleepCycleTimeMin = 5.000813961029053; SleepCycleTimeStd = 0.0009906519605631108; SleepCycleTimeSum = 115.1121942996979; SubmitCycleTimeAvg = 0.0130952795346578; SubmitCycleTimeCount = 24.0; SubmitCycleTimeMax = 0.1318559646606445; SubmitCycleTimeMin = 1.192092895507812E-05; SubmitCycleTimeStd = 0.03600938228083029; SubmitCycleTimeSum = 0.3142867088317871; ]
10/05/25 21:01:19 Wrote metrics file all.dag.metrics.
10/05/25 21:01:19 DAGMan Runtime Statistics: [ EventCycleTimeAvg = 0.01732999345530634; EventCycleTimeCount = 23.0; EventCycleTimeMax = 0.1453220844268799; EventCycleTimeMin = 3.004074096679688E-05; EventCycleTimeStd = 0.03986184050976579; EventCycleTimeSum = 0.3985898494720459; LogProcessCycleTimeAvg = 0.0005292892456054688; LogProcessCycleTimeCount = 12.0; LogProcessCycleTimeMax = 0.00096893310546875; LogProcessCycleTimeMin = 0.0002360343933105469; LogProcessCycleTimeStd = 0.0002472802246853654; LogProcessCycleTimeSum = 0.006351470947265625; SleepCycleTimeAvg = 5.004878013030343; SleepCycleTimeCount = 23.0; SleepCycleTimeMax = 5.005848169326782; SleepCycleTimeMin = 5.000813961029053; SleepCycleTimeStd = 0.0009906519605631108; SleepCycleTimeSum = 115.1121942996979; SubmitCycleTimeAvg = 0.0130952795346578; SubmitCycleTimeCount = 24.0; SubmitCycleTimeMax = 0.1318559646606445; SubmitCycleTimeMin = 1.192092895507812E-05; SubmitCycleTimeStd = 0.03600938228083029; SubmitCycleTimeSum = 0.3142867088317871; ]
10/05/25 21:01:19 **** condor_scheduniv_exec.13431591.0 (condor_DAGMAN) pid 2588798 EXITING WITH STATUS 0
